2024-08-13T04:35:22.021+05:30  INFO 15512 --- [management] [restartedMain] c.m.management.ManagementApplication     : Starting ManagementApplication using Java 22 with PID 15512 (C:\Users\Admin\Desktop\Money\management-server\target\classes started by Admin in C:\Users\Admin\Desktop\Money\management-server)
2024-08-13T04:35:22.041+05:30  INFO 15512 --- [management] [restartedMain] c.m.management.ManagementApplication     : No active profile set, falling back to 1 default profile: "default"
2024-08-13T04:35:22.159+05:30  INFO 15512 --- [management] [restartedMain] .e.DevToolsPropertyDefaultsPostProcessor : Devtools property defaults active! Set 'spring.devtools.add-properties' to 'false' to disable
2024-08-13T04:35:22.160+05:30  INFO 15512 --- [management] [restartedMain] .e.DevToolsPropertyDefaultsPostProcessor : For additional web related logging consider setting the 'logging.level.web' property to 'DEBUG'
2024-08-13T04:35:23.070+05:30  INFO 15512 --- [management] [restartedMain] .s.d.r.c.RepositoryConfigurationDelegate : Bootstrapping Spring Data JPA repositories in DEFAULT mode.
2024-08-13T04:35:23.169+05:30  INFO 15512 --- [management] [restartedMain] .s.d.r.c.RepositoryConfigurationDelegate : Finished Spring Data repository scanning in 89 ms. Found 2 JPA repository interfaces.
2024-08-13T04:35:24.078+05:30  INFO 15512 --- [management] [restartedMain] o.s.b.w.embedded.tomcat.TomcatWebServer  : Tomcat initialized with port 9090 (http)
2024-08-13T04:35:24.093+05:30  INFO 15512 --- [management] [restartedMain] o.apache.catalina.core.StandardService   : Starting service [Tomcat]
2024-08-13T04:35:24.094+05:30  INFO 15512 --- [management] [restartedMain] o.apache.catalina.core.StandardEngine    : Starting Servlet engine: [Apache Tomcat/10.1.20]
2024-08-13T04:35:24.138+05:30  INFO 15512 --- [management] [restartedMain] o.a.c.c.C.[Tomcat].[localhost].[/]       : Initializing Spring embedded WebApplicationContext
2024-08-13T04:35:24.138+05:30  INFO 15512 --- [management] [restartedMain] w.s.c.ServletWebServerApplicationContext : Root WebApplicationContext: initialization completed in 1977 ms
2024-08-13T04:35:24.341+05:30  INFO 15512 --- [management] [restartedMain] com.zaxxer.hikari.HikariDataSource       : HikariPool-1 - Starting...
2024-08-13T04:35:29.604+05:30  INFO 15512 --- [management] [restartedMain] com.zaxxer.hikari.pool.HikariPool        : HikariPool-1 - Added connection com.mysql.cj.jdbc.ConnectionImpl@2cd6c1b1
2024-08-13T04:35:29.608+05:30  INFO 15512 --- [management] [restartedMain] com.zaxxer.hikari.HikariDataSource       : HikariPool-1 - Start completed.
2024-08-13T04:35:29.663+05:30  INFO 15512 --- [management] [restartedMain] o.hibernate.jpa.internal.util.LogHelper  : HHH000204: Processing PersistenceUnitInfo [name: default]
2024-08-13T04:35:29.752+05:30  INFO 15512 --- [management] [restartedMain] org.hibernate.Version                    : HHH000412: Hibernate ORM core version 6.4.4.Final
2024-08-13T04:35:29.809+05:30  INFO 15512 --- [management] [restartedMain] o.h.c.internal.RegionFactoryInitiator    : HHH000026: Second-level cache disabled
2024-08-13T04:35:30.077+05:30  INFO 15512 --- [management] [restartedMain] o.s.o.j.p.SpringPersistenceUnitInfo      : No LoadTimeWeaver setup: ignoring JPA class transformer
2024-08-13T04:35:30.389+05:30  WARN 15512 --- [management] [restartedMain] org.hibernate.orm.deprecation            : HHH90000025: MySQL8Dialect does not need to be specified explicitly using 'hibernate.dialect' (remove the property setting and it will be selected by default)
2024-08-13T04:35:30.390+05:30  WARN 15512 --- [management] [restartedMain] org.hibernate.orm.deprecation            : HHH90000026: MySQL8Dialect has been deprecated; use org.hibernate.dialect.MySQLDialect instead
2024-08-13T04:35:31.367+05:30  INFO 15512 --- [management] [restartedMain] o.h.e.t.j.p.i.JtaPlatformInitiator       : HHH000489: No JTA platform available (set 'hibernate.transaction.jta.platform' to enable JTA platform integration)
2024-08-13T04:35:33.635+05:30  INFO 15512 --- [management] [restartedMain] j.LocalContainerEntityManagerFactoryBean : Initialized JPA EntityManagerFactory for persistence unit 'default'
2024-08-13T04:35:34.051+05:30 DEBUG 15512 --- [management] [restartedMain] c.m.m.config.JwtAuthenticationFilter     : Filter 'jwtAuthenticationFilter' configured for use
2024-08-13T04:35:34.178+05:30  WARN 15512 --- [management] [restartedMain] JpaBaseConfiguration$JpaWebConfiguration : spring.jpa.open-in-view is enabled by default. Therefore, database queries may be performed during view rendering. Explicitly configure spring.jpa.open-in-view to disable this warning
2024-08-13T04:35:34.546+05:30  INFO 15512 --- [management] [restartedMain] o.s.s.web.DefaultSecurityFilterChain     : Will secure any request with [org.springframework.security.web.session.DisableEncodeUrlFilter@f027b5d, org.springframework.security.web.context.request.async.WebAsyncManagerIntegrationFilter@a970ee8, org.springframework.security.web.context.SecurityContextHolderFilter@fdf8535, org.springframework.security.web.header.HeaderWriterFilter@5f0c4fbe, org.springframework.web.filter.CorsFilter@578134f9, org.springframework.security.web.authentication.logout.LogoutFilter@10ee417, com.money.management.config.JwtAuthenticationFilter@1e02e613, org.springframework.security.web.savedrequest.RequestCacheAwareFilter@34252865, org.springframework.security.web.servletapi.SecurityContextHolderAwareRequestFilter@70ef4933, org.springframework.security.web.authentication.AnonymousAuthenticationFilter@56f9e5b, org.springframework.security.web.session.SessionManagementFilter@7abc513c, org.springframework.security.web.access.ExceptionTranslationFilter@7b97662d, org.springframework.security.web.access.intercept.AuthorizationFilter@ef17c21]
2024-08-13T04:35:34.871+05:30  INFO 15512 --- [management] [restartedMain] o.s.b.d.a.OptionalLiveReloadServer       : LiveReload server is running on port 35729
2024-08-13T04:35:34.907+05:30  INFO 15512 --- [management] [restartedMain] o.s.b.w.embedded.tomcat.TomcatWebServer  : Tomcat started on port 9090 (http) with context path ''
2024-08-13T04:35:34.917+05:30  INFO 15512 --- [management] [restartedMain] c.m.management.ManagementApplication     : Started ManagementApplication in 13.53 seconds (process running for 14.327)
2024-08-13T04:48:48.911+05:30  INFO 15512 --- [management] [SpringApplicationShutdownHook] j.LocalContainerEntityManagerFactoryBean : Closing JPA EntityManagerFactory for persistence unit 'default'
2024-08-13T04:48:48.926+05:30  INFO 15512 --- [management] [SpringApplicationShutdownHook] com.zaxxer.hikari.HikariDataSource       : HikariPool-1 - Shutdown initiated...
2024-08-13T04:48:50.948+05:30  INFO 15512 --- [management] [SpringApplicationShutdownHook] com.zaxxer.hikari.HikariDataSource       : HikariPool-1 - Shutdown completed.
2024-08-13T04:49:07.650+05:30  INFO 22032 --- [management] [restartedMain] c.m.management.ManagementApplication     : Starting ManagementApplication using Java 22 with PID 22032 (C:\Users\Admin\Desktop\Money\management-server\target\classes started by Admin in C:\Users\Admin\Desktop\Money\management-server)
2024-08-13T04:49:07.652+05:30  INFO 22032 --- [management] [restartedMain] c.m.management.ManagementApplication     : No active profile set, falling back to 1 default profile: "default"
2024-08-13T04:49:07.730+05:30  INFO 22032 --- [management] [restartedMain] .e.DevToolsPropertyDefaultsPostProcessor : Devtools property defaults active! Set 'spring.devtools.add-properties' to 'false' to disable
2024-08-13T04:49:07.730+05:30  INFO 22032 --- [management] [restartedMain] .e.DevToolsPropertyDefaultsPostProcessor : For additional web related logging consider setting the 'logging.level.web' property to 'DEBUG'
2024-08-13T04:49:08.514+05:30  INFO 22032 --- [management] [restartedMain] .s.d.r.c.RepositoryConfigurationDelegate : Bootstrapping Spring Data JPA repositories in DEFAULT mode.
2024-08-13T04:49:08.588+05:30  INFO 22032 --- [management] [restartedMain] .s.d.r.c.RepositoryConfigurationDelegate : Finished Spring Data repository scanning in 63 ms. Found 2 JPA repository interfaces.
2024-08-13T04:49:09.283+05:30  INFO 22032 --- [management] [restartedMain] o.s.b.w.embedded.tomcat.TomcatWebServer  : Tomcat initialized with port 9090 (http)
2024-08-13T04:49:09.294+05:30  INFO 22032 --- [management] [restartedMain] o.apache.catalina.core.StandardService   : Starting service [Tomcat]
2024-08-13T04:49:09.294+05:30  INFO 22032 --- [management] [restartedMain] o.apache.catalina.core.StandardEngine    : Starting Servlet engine: [Apache Tomcat/10.1.20]
2024-08-13T04:49:09.337+05:30  INFO 22032 --- [management] [restartedMain] o.a.c.c.C.[Tomcat].[localhost].[/]       : Initializing Spring embedded WebApplicationContext
2024-08-13T04:49:09.337+05:30  INFO 22032 --- [management] [restartedMain] w.s.c.ServletWebServerApplicationContext : Root WebApplicationContext: initialization completed in 1606 ms
2024-08-13T04:49:09.465+05:30  INFO 22032 --- [management] [restartedMain] com.zaxxer.hikari.HikariDataSource       : HikariPool-1 - Starting...
2024-08-13T04:49:14.865+05:30  INFO 22032 --- [management] [restartedMain] com.zaxxer.hikari.pool.HikariPool        : HikariPool-1 - Added connection com.mysql.cj.jdbc.ConnectionImpl@1d551c4e
2024-08-13T04:49:14.868+05:30  INFO 22032 --- [management] [restartedMain] com.zaxxer.hikari.HikariDataSource       : HikariPool-1 - Start completed.
2024-08-13T04:49:14.914+05:30  INFO 22032 --- [management] [restartedMain] o.hibernate.jpa.internal.util.LogHelper  : HHH000204: Processing PersistenceUnitInfo [name: default]
2024-08-13T04:49:14.964+05:30  INFO 22032 --- [management] [restartedMain] org.hibernate.Version                    : HHH000412: Hibernate ORM core version 6.4.4.Final
2024-08-13T04:49:14.987+05:30  INFO 22032 --- [management] [restartedMain] o.h.c.internal.RegionFactoryInitiator    : HHH000026: Second-level cache disabled
2024-08-13T04:49:15.157+05:30  INFO 22032 --- [management] [restartedMain] o.s.o.j.p.SpringPersistenceUnitInfo      : No LoadTimeWeaver setup: ignoring JPA class transformer
2024-08-13T04:49:15.446+05:30  WARN 22032 --- [management] [restartedMain] org.hibernate.orm.deprecation            : HHH90000025: MySQL8Dialect does not need to be specified explicitly using 'hibernate.dialect' (remove the property setting and it will be selected by default)
2024-08-13T04:49:15.447+05:30  WARN 22032 --- [management] [restartedMain] org.hibernate.orm.deprecation            : HHH90000026: MySQL8Dialect has been deprecated; use org.hibernate.dialect.MySQLDialect instead
2024-08-13T04:49:16.108+05:30  INFO 22032 --- [management] [restartedMain] o.h.e.t.j.p.i.JtaPlatformInitiator       : HHH000489: No JTA platform available (set 'hibernate.transaction.jta.platform' to enable JTA platform integration)
2024-08-13T04:49:17.557+05:30  INFO 22032 --- [management] [restartedMain] j.LocalContainerEntityManagerFactoryBean : Initialized JPA EntityManagerFactory for persistence unit 'default'
2024-08-13T04:49:17.932+05:30 DEBUG 22032 --- [management] [restartedMain] c.m.m.config.JwtAuthenticationFilter     : Filter 'jwtAuthenticationFilter' configured for use
2024-08-13T04:49:18.094+05:30  WARN 22032 --- [management] [restartedMain] JpaBaseConfiguration$JpaWebConfiguration : spring.jpa.open-in-view is enabled by default. Therefore, database queries may be performed during view rendering. Explicitly configure spring.jpa.open-in-view to disable this warning
2024-08-13T04:49:18.472+05:30  INFO 22032 --- [management] [restartedMain] o.s.s.web.DefaultSecurityFilterChain     : Will secure any request with [org.springframework.security.web.session.DisableEncodeUrlFilter@6a34989a, org.springframework.security.web.context.request.async.WebAsyncManagerIntegrationFilter@42f85553, org.springframework.security.web.context.SecurityContextHolderFilter@6d482289, org.springframework.security.web.header.HeaderWriterFilter@49d6410, org.springframework.web.filter.CorsFilter@79052119, org.springframework.security.web.authentication.logout.LogoutFilter@4b2064dd, com.money.management.config.JwtAuthenticationFilter@18792555, org.springframework.security.web.savedrequest.RequestCacheAwareFilter@210a6290, org.springframework.security.web.servletapi.SecurityContextHolderAwareRequestFilter@739c79c0, org.springframework.security.web.authentication.AnonymousAuthenticationFilter@1aef52d6, org.springframework.security.web.session.SessionManagementFilter@676f1625, org.springframework.security.web.access.ExceptionTranslationFilter@70ef4933, org.springframework.security.web.access.intercept.AuthorizationFilter@23017cab]
2024-08-13T04:49:18.735+05:30  INFO 22032 --- [management] [restartedMain] o.s.b.d.a.OptionalLiveReloadServer       : LiveReload server is running on port 35729
2024-08-13T04:49:18.774+05:30  INFO 22032 --- [management] [restartedMain] o.s.b.w.embedded.tomcat.TomcatWebServer  : Tomcat started on port 9090 (http) with context path ''
2024-08-13T04:49:18.784+05:30  INFO 22032 --- [management] [restartedMain] c.m.management.ManagementApplication     : Started ManagementApplication in 11.712 seconds (process running for 12.262)
2024-08-13T05:00:45.590+05:30  INFO 20740 --- [management] [main] c.m.m.ManagementApplicationTests         : Starting ManagementApplicationTests using Java 22 with PID 20740 (started by Admin in C:\Users\Admin\Desktop\Money\management-server)
2024-08-13T05:00:45.592+05:30  INFO 20740 --- [management] [main] c.m.m.ManagementApplicationTests         : No active profile set, falling back to 1 default profile: "default"
2024-08-13T05:00:46.592+05:30  INFO 20740 --- [management] [main] .s.d.r.c.RepositoryConfigurationDelegate : Bootstrapping Spring Data JPA repositories in DEFAULT mode.
2024-08-13T05:00:46.660+05:30  INFO 20740 --- [management] [main] .s.d.r.c.RepositoryConfigurationDelegate : Finished Spring Data repository scanning in 61 ms. Found 2 JPA repository interfaces.
2024-08-13T05:00:47.210+05:30  INFO 20740 --- [management] [main] com.zaxxer.hikari.HikariDataSource       : HikariPool-1 - Starting...
2024-08-13T05:00:51.560+05:30  INFO 20740 --- [management] [main] com.zaxxer.hikari.pool.HikariPool        : HikariPool-1 - Added connection com.mysql.cj.jdbc.ConnectionImpl@1c5d3a37
2024-08-13T05:00:51.561+05:30  INFO 20740 --- [management] [main] com.zaxxer.hikari.HikariDataSource       : HikariPool-1 - Start completed.
2024-08-13T05:00:51.612+05:30  INFO 20740 --- [management] [main] o.hibernate.jpa.internal.util.LogHelper  : HHH000204: Processing PersistenceUnitInfo [name: default]
2024-08-13T05:00:51.676+05:30  INFO 20740 --- [management] [main] org.hibernate.Version                    : HHH000412: Hibernate ORM core version 6.4.4.Final
2024-08-13T05:00:51.707+05:30  INFO 20740 --- [management] [main] o.h.c.internal.RegionFactoryInitiator    : HHH000026: Second-level cache disabled
2024-08-13T05:00:51.931+05:30  INFO 20740 --- [management] [main] o.s.o.j.p.SpringPersistenceUnitInfo      : No LoadTimeWeaver setup: ignoring JPA class transformer
2024-08-13T05:00:52.228+05:30  WARN 20740 --- [management] [main] org.hibernate.orm.deprecation            : HHH90000025: MySQL8Dialect does not need to be specified explicitly using 'hibernate.dialect' (remove the property setting and it will be selected by default)
2024-08-13T05:00:52.232+05:30  WARN 20740 --- [management] [main] org.hibernate.orm.deprecation            : HHH90000026: MySQL8Dialect has been deprecated; use org.hibernate.dialect.MySQLDialect instead
2024-08-13T05:00:52.856+05:30  INFO 20740 --- [management] [main] o.h.e.t.j.p.i.JtaPlatformInitiator       : HHH000489: No JTA platform available (set 'hibernate.transaction.jta.platform' to enable JTA platform integration)
2024-08-13T05:00:54.267+05:30  INFO 20740 --- [management] [main] j.LocalContainerEntityManagerFactoryBean : Initialized JPA EntityManagerFactory for persistence unit 'default'
2024-08-13T05:00:54.815+05:30  WARN 20740 --- [management] [main] JpaBaseConfiguration$JpaWebConfiguration : spring.jpa.open-in-view is enabled by default. Therefore, database queries may be performed during view rendering. Explicitly configure spring.jpa.open-in-view to disable this warning
2024-08-13T05:00:55.208+05:30  INFO 20740 --- [management] [main] o.s.s.web.DefaultSecurityFilterChain     : Will secure any request with [org.springframework.security.web.session.DisableEncodeUrlFilter@5b11d0d8, org.springframework.security.web.context.request.async.WebAsyncManagerIntegrationFilter@5cf39df6, org.springframework.security.web.context.SecurityContextHolderFilter@4fb42efa, org.springframework.security.web.header.HeaderWriterFilter@237b54bc, org.springframework.web.filter.CorsFilter@46ae897c, org.springframework.security.web.authentication.logout.LogoutFilter@213bd66a, com.money.management.config.JwtAuthenticationFilter@33478a2f, org.springframework.security.web.savedrequest.RequestCacheAwareFilter@51ac72f7, org.springframework.security.web.servletapi.SecurityContextHolderAwareRequestFilter@15324f25, org.springframework.security.web.authentication.AnonymousAuthenticationFilter@44846c76, org.springframework.security.web.session.SessionManagementFilter@46878216, org.springframework.security.web.access.ExceptionTranslationFilter@285ac29, org.springframework.security.web.access.intercept.AuthorizationFilter@55ba4bff]
2024-08-13T05:00:55.546+05:30  INFO 20740 --- [management] [main] c.m.m.ManagementApplicationTests         : Started ManagementApplicationTests in 10.348 seconds (process running for 11.461)
2024-08-13T05:00:56.702+05:30  INFO 20740 --- [management] [SpringApplicationShutdownHook] j.LocalContainerEntityManagerFactoryBean : Closing JPA EntityManagerFactory for persistence unit 'default'
2024-08-13T05:00:56.707+05:30  INFO 20740 --- [management] [SpringApplicationShutdownHook] com.zaxxer.hikari.HikariDataSource       : HikariPool-1 - Shutdown initiated...
2024-08-13T05:00:58.778+05:30  INFO 20740 --- [management] [SpringApplicationShutdownHook] com.zaxxer.hikari.HikariDataSource       : HikariPool-1 - Shutdown completed.
2024-08-13T05:01:23.321+05:30  INFO 2780 --- [management] [main] c.m.m.ManagementApplicationTests         : Starting ManagementApplicationTests using Java 22 with PID 2780 (started by Admin in C:\Users\Admin\Desktop\Money\management-server)
2024-08-13T05:01:23.323+05:30  INFO 2780 --- [management] [main] c.m.m.ManagementApplicationTests         : No active profile set, falling back to 1 default profile: "default"
2024-08-13T05:01:24.125+05:30  INFO 2780 --- [management] [main] .s.d.r.c.RepositoryConfigurationDelegate : Bootstrapping Spring Data JPA repositories in DEFAULT mode.
2024-08-13T05:01:24.188+05:30  INFO 2780 --- [management] [main] .s.d.r.c.RepositoryConfigurationDelegate : Finished Spring Data repository scanning in 54 ms. Found 2 JPA repository interfaces.
2024-08-13T05:01:24.660+05:30  INFO 2780 --- [management] [main] com.zaxxer.hikari.HikariDataSource       : HikariPool-1 - Starting...
2024-08-13T05:01:27.906+05:30  INFO 2780 --- [management] [main] com.zaxxer.hikari.pool.HikariPool        : HikariPool-1 - Added connection com.mysql.cj.jdbc.ConnectionImpl@4f3356c0
2024-08-13T05:01:27.911+05:30  INFO 2780 --- [management] [main] com.zaxxer.hikari.HikariDataSource       : HikariPool-1 - Start completed.
2024-08-13T05:01:27.958+05:30  INFO 2780 --- [management] [main] o.hibernate.jpa.internal.util.LogHelper  : HHH000204: Processing PersistenceUnitInfo [name: default]
2024-08-13T05:01:28.010+05:30  INFO 2780 --- [management] [main] org.hibernate.Version                    : HHH000412: Hibernate ORM core version 6.4.4.Final
2024-08-13T05:01:28.043+05:30  INFO 2780 --- [management] [main] o.h.c.internal.RegionFactoryInitiator    : HHH000026: Second-level cache disabled
2024-08-13T05:01:28.242+05:30  INFO 2780 --- [management] [main] o.s.o.j.p.SpringPersistenceUnitInfo      : No LoadTimeWeaver setup: ignoring JPA class transformer
2024-08-13T05:01:28.531+05:30  WARN 2780 --- [management] [main] org.hibernate.orm.deprecation            : HHH90000025: MySQL8Dialect does not need to be specified explicitly using 'hibernate.dialect' (remove the property setting and it will be selected by default)
2024-08-13T05:01:28.532+05:30  WARN 2780 --- [management] [main] org.hibernate.orm.deprecation            : HHH90000026: MySQL8Dialect has been deprecated; use org.hibernate.dialect.MySQLDialect instead
2024-08-13T05:01:29.294+05:30  INFO 2780 --- [management] [main] o.h.e.t.j.p.i.JtaPlatformInitiator       : HHH000489: No JTA platform available (set 'hibernate.transaction.jta.platform' to enable JTA platform integration)
2024-08-13T05:01:30.658+05:30  INFO 2780 --- [management] [main] j.LocalContainerEntityManagerFactoryBean : Initialized JPA EntityManagerFactory for persistence unit 'default'
2024-08-13T05:01:31.218+05:30  WARN 2780 --- [management] [main] JpaBaseConfiguration$JpaWebConfiguration : spring.jpa.open-in-view is enabled by default. Therefore, database queries may be performed during view rendering. Explicitly configure spring.jpa.open-in-view to disable this warning
2024-08-13T05:01:31.550+05:30  INFO 2780 --- [management] [main] o.s.s.web.DefaultSecurityFilterChain     : Will secure any request with [org.springframework.security.web.session.DisableEncodeUrlFilter@44846c76, org.springframework.security.web.context.request.async.WebAsyncManagerIntegrationFilter@1146e32e, org.springframework.security.web.context.SecurityContextHolderFilter@15324f25, org.springframework.security.web.header.HeaderWriterFilter@95958d9, org.springframework.web.filter.CorsFilter@511ad0dd, org.springframework.security.web.authentication.logout.LogoutFilter@5bbb0a25, com.money.management.config.JwtAuthenticationFilter@2da0770, org.springframework.security.web.savedrequest.RequestCacheAwareFilter@22e650e, org.springframework.security.web.servletapi.SecurityContextHolderAwareRequestFilter@30a79476, org.springframework.security.web.authentication.AnonymousAuthenticationFilter@634d56eb, org.springframework.security.web.session.SessionManagementFilter@4fb42efa, org.springframework.security.web.access.ExceptionTranslationFilter@5263f554, org.springframework.security.web.access.intercept.AuthorizationFilter@5b11d0d8]
2024-08-13T05:01:31.897+05:30  INFO 2780 --- [management] [main] c.m.m.ManagementApplicationTests         : Started ManagementApplicationTests in 8.991 seconds (process running for 10.04)
2024-08-13T05:01:33.016+05:30  INFO 2780 --- [management] [SpringApplicationShutdownHook] j.LocalContainerEntityManagerFactoryBean : Closing JPA EntityManagerFactory for persistence unit 'default'
2024-08-13T05:01:33.021+05:30  INFO 2780 --- [management] [SpringApplicationShutdownHook] com.zaxxer.hikari.HikariDataSource       : HikariPool-1 - Shutdown initiated...
2024-08-13T05:01:35.182+05:30  INFO 2780 --- [management] [SpringApplicationShutdownHook] com.zaxxer.hikari.HikariDataSource       : HikariPool-1 - Shutdown completed.
2024-08-13T05:35:42.397+05:30  WARN 22032 --- [management] [HikariPool-1 housekeeper] com.zaxxer.hikari.pool.HikariPool        : HikariPool-1 - Thread starvation or clock leap detected (housekeeper delta=10m26s901ms739µs900ns).
2024-08-13T07:09:44.402+05:30  WARN 22032 --- [management] [HikariPool-1 housekeeper] com.zaxxer.hikari.pool.HikariPool        : HikariPool-1 - Thread starvation or clock leap detected (housekeeper delta=1h1m31s447ms416µs500ns).
2024-08-13T07:24:13.625+05:30  INFO 22032 --- [management] [SpringApplicationShutdownHook] j.LocalContainerEntityManagerFactoryBean : Closing JPA EntityManagerFactory for persistence unit 'default'
2024-08-13T07:24:13.647+05:30  INFO 22032 --- [management] [SpringApplicationShutdownHook] com.zaxxer.hikari.HikariDataSource       : HikariPool-1 - Shutdown initiated...
2024-08-13T07:24:13.831+05:30  INFO 22032 --- [management] [SpringApplicationShutdownHook] com.zaxxer.hikari.HikariDataSource       : HikariPool-1 - Shutdown completed.
